Will watch for changes in these directories: ['D:\\DEVELOP\\research-info-system\\backend']
Uvicorn running on http://0.0.0.0:8888 (Press CTRL+C to quit)
Started reloader process [3424] using StatReload
Started server process [19776]
Waiting for application startup.
select pg_catalog.version()
[raw sql] ()
select current_schema()
[raw sql] ()
show standard_conforming_strings
[raw sql] ()
BEGIN (implicit)
select relname from pg_class c join pg_namespace n on n.oid=c.relnamespace where pg_catalog.pg_table_is_visible(c.oid) and relname=%s
[generated in 0.00104s] ('RISuser_role',)
select relname from pg_class c join pg_namespace n on n.oid=c.relnamespace where pg_catalog.pg_table_is_visible(c.oid) and relname=%s
[cached since 0.1405s ago] ('RISrole',)
select relname from pg_class c join pg_namespace n on n.oid=c.relnamespace where pg_catalog.pg_table_is_visible(c.oid) and relname=%s
[cached since 0.1897s ago] ('RISUsers',)
select relname from pg_class c join pg_namespace n on n.oid=c.relnamespace where pg_catalog.pg_table_is_visible(c.oid) and relname=%s
[cached since 0.2387s ago] ('RISauthors',)
select relname from pg_class c join pg_namespace n on n.oid=c.relnamespace where pg_catalog.pg_table_is_visible(c.oid) and relname=%s
[cached since 0.2863s ago] ('RISresearch_papers',)
select relname from pg_class c join pg_namespace n on n.oid=c.relnamespace where pg_catalog.pg_table_is_visible(c.oid) and relname=%s
[cached since 0.334s ago] ('RISfaculty_research_papers',)
select relname from pg_class c join pg_namespace n on n.oid=c.relnamespace where pg_catalog.pg_table_is_visible(c.oid) and relname=%s
[cached since 0.3847s ago] ('RISworkflow_class',)
select relname from pg_class c join pg_namespace n on n.oid=c.relnamespace where pg_catalog.pg_table_is_visible(c.oid) and relname=%s
[cached since 0.4339s ago] ('RISworkflow',)
select relname from pg_class c join pg_namespace n on n.oid=c.relnamespace where pg_catalog.pg_table_is_visible(c.oid) and relname=%s
[cached since 0.4821s ago] ('RISworkflow_steps',)
select relname from pg_class c join pg_namespace n on n.oid=c.relnamespace where pg_catalog.pg_table_is_visible(c.oid) and relname=%s
[cached since 0.5305s ago] ('RISnavigation_class',)
select relname from pg_class c join pg_namespace n on n.oid=c.relnamespace where pg_catalog.pg_table_is_visible(c.oid) and relname=%s
[cached since 0.5838s ago] ('RISnavigation_role',)
select relname from pg_class c join pg_namespace n on n.oid=c.relnamespace where pg_catalog.pg_table_is_visible(c.oid) and relname=%s
[cached since 0.6312s ago] ('RISClass',)
select relname from pg_class c join pg_namespace n on n.oid=c.relnamespace where pg_catalog.pg_table_is_visible(c.oid) and relname=%s
[cached since 0.679s ago] ('SPSStudent',)
select relname from pg_class c join pg_namespace n on n.oid=c.relnamespace where pg_catalog.pg_table_is_visible(c.oid) and relname=%s
[cached since 0.7296s ago] ('FISFaculty',)
select relname from pg_class c join pg_namespace n on n.oid=c.relnamespace where pg_catalog.pg_table_is_visible(c.oid) and relname=%s
[cached since 0.7777s ago] ('RIScomments',)
select relname from pg_class c join pg_namespace n on n.oid=c.relnamespace where pg_catalog.pg_table_is_visible(c.oid) and relname=%s
[cached since 0.8259s ago] ('RISresearch_defense',)
select relname from pg_class c join pg_namespace n on n.oid=c.relnamespace where pg_catalog.pg_table_is_visible(c.oid) and relname=%s
[cached since 0.8738s ago] ('RISset_defense',)
select relname from pg_class c join pg_namespace n on n.oid=c.relnamespace where pg_catalog.pg_table_is_visible(c.oid) and relname=%s
[cached since 0.9213s ago] ('RISethics',)
select relname from pg_class c join pg_namespace n on n.oid=c.relnamespace where pg_catalog.pg_table_is_visible(c.oid) and relname=%s
[cached since 0.9686s ago] ('RISfull_manuscript',)
select relname from pg_class c join pg_namespace n on n.oid=c.relnamespace where pg_catalog.pg_table_is_visible(c.oid) and relname=%s
[cached since 1.017s ago] ('RIScopyright',)
select relname from pg_class c join pg_namespace n on n.oid=c.relnamespace where pg_catalog.pg_table_is_visible(c.oid) and relname=%s
[cached since 1.065s ago] ('RISnotifications',)
select relname from pg_class c join pg_namespace n on n.oid=c.relnamespace where pg_catalog.pg_table_is_visible(c.oid) and relname=%s
[cached since 1.114s ago] ('RISannouncements',)
select relname from pg_class c join pg_namespace n on n.oid=c.relnamespace where pg_catalog.pg_table_is_visible(c.oid) and relname=%s
[cached since 1.166s ago] ('RISresearch_types_assigned',)
select relname from pg_class c join pg_namespace n on n.oid=c.relnamespace where pg_catalog.pg_table_is_visible(c.oid) and relname=%s
[cached since 1.213s ago] ('RISsections_course_assigned',)
select relname from pg_class c join pg_namespace n on n.oid=c.relnamespace where pg_catalog.pg_table_is_visible(c.oid) and relname=%s
[cached since 1.261s ago] ('RISsection_assigned_prof',)
select relname from pg_class c join pg_namespace n on n.oid=c.relnamespace where pg_catalog.pg_table_is_visible(c.oid) and relname=%s
[cached since 1.31s ago] ('SPSStudentClassSubjectGrade',)
select relname from pg_class c join pg_namespace n on n.oid=c.relnamespace where pg_catalog.pg_table_is_visible(c.oid) and relname=%s
[cached since 1.358s ago] ('SPSClassSubject',)
select relname from pg_class c join pg_namespace n on n.oid=c.relnamespace where pg_catalog.pg_table_is_visible(c.oid) and relname=%s
[cached since 1.406s ago] ('SPSClass',)
select relname from pg_class c join pg_namespace n on n.oid=c.relnamespace where pg_catalog.pg_table_is_visible(c.oid) and relname=%s
[cached since 1.453s ago] ('SPSMetadata',)
select relname from pg_class c join pg_namespace n on n.oid=c.relnamespace where pg_catalog.pg_table_is_visible(c.oid) and relname=%s
[cached since 1.501s ago] ('SPSCourse',)
select relname from pg_class c join pg_namespace n on n.oid=c.relnamespace where pg_catalog.pg_table_is_visible(c.oid) and relname=%s
[cached since 1.549s ago] ('SPSCourseEnrolled',)
select relname from pg_class c join pg_namespace n on n.oid=c.relnamespace where pg_catalog.pg_table_is_visible(c.oid) and relname=%s
[cached since 1.597s ago] ('SPSStudentClassGrade',)
select relname from pg_class c join pg_namespace n on n.oid=c.relnamespace where pg_catalog.pg_table_is_visible(c.oid) and relname=%s
[cached since 1.644s ago] ('SPSLatestBatchSemester',)
COMMIT
Application startup complete.
BEGIN (implicit)
SELECT concat("FISFaculty"."LastName", %s, "FISFaculty"."FirstName", %s, "FISFaculty"."MiddleInitial", %s) AS "Author", "RISfaculty_research_papers".title AS "Research Title", "RISfaculty_research_papers".date_publish AS "Publication Year", "RISfaculty_research_papers".publisher AS "Publisher", "RISfaculty_research_papers".category AS "Category", %s AS "Author Type" 
FROM "RISfaculty_research_papers" JOIN "RISUsers" ON "RISfaculty_research_papers".user_id = "RISUsers".id JOIN "FISFaculty" ON "RISUsers".faculty_id = "FISFaculty"."FacultyId"
[generated in 0.00333s] (', ', ' ', '.', 'Faculty')
Stopping reloader process [3424]
